<?xml version="1.0" encoding="UTF-8"?>
<!-- Generated by org.testng.reporters.JUnitXMLReporter -->
<testsuite ignored="0" hostname="C4HSZY2" failures="0" tests="7" name="Test" time="1.035" errors="0" timestamp="02 Mar 2020 13:08:29 GMT">
  <testcase classname="com.qa.restapi.automation.testScripts.GetRequest_AllEmployees_TC001" name="checkContentLength" time="0.001"/>
  <testcase classname="com.qa.restapi.automation.testScripts.GetRequest_AllEmployees_TC001" name="checkContentType" time="0.0"/>
  <testcase classname="com.qa.restapi.automation.testScripts.GetRequest_AllEmployees_TC001" name="checkCookies" time="0.001"/>
  <testcase classname="com.qa.restapi.automation.testScripts.GetRequest_AllEmployees_TC001" name="checkResponseBody" time="0.015"/>
  <testcase classname="com.qa.restapi.automation.testScripts.GetRequest_AllEmployees_TC001" name="checkSessionID" time="0.0"/>
  <testcase classname="com.qa.restapi.automation.testScripts.GetRequest_AllEmployees_TC001" name="checkStatusCode" time="0.0"/>
  <testcase classname="com.qa.restapi.automation.testScripts.GetRequest_AllEmployees_TC001" name="checkStatusLine" time="0.0"/>
</testsuite> <!-- Test -->
