<?xml version="1.0" encoding="UTF-8"?>
<testsuite xmlns:xsi="http://www.w3.org/2001/XMLSchema-instance" xsi:noNamespaceSchemaLocation="https://maven.apache.org/surefire/maven-surefire-plugin/xsd/surefire-test-report.xsd" name="TestSuite" time="2.4" tests="7" errors="0" skipped="0" failures="0">
  <properties>
[...]
</properties>
  <testcase name="checkContentLength" classname="com.qa.restapi.automation.testScripts.GetRequest_AllEmployees_TC001" time="0.001"/>
  <testcase name="checkContentType" classname="com.qa.restapi.automation.testScripts.GetRequest_AllEmployees_TC001" time="0.002"/>
  <testcase name="checkCookies" classname="com.qa.restapi.automation.testScripts.GetRequest_AllEmployees_TC001" time="0.001"/>
  <testcase name="checkResponseBody" classname="com.qa.restapi.automation.testScripts.GetRequest_AllEmployees_TC001" time="0.094"/>
  <testcase name="checkSessionID" classname="com.qa.restapi.automation.testScripts.GetRequest_AllEmployees_TC001" time="0"/>
  <testcase name="checkStatusCode" classname="com.qa.restapi.automation.testScripts.GetRequest_AllEmployees_TC001" time="0.001"/>
  <testcase name="checkStatusLine" classname="com.qa.restapi.automation.testScripts.GetRequest_AllEmployees_TC001" time="0.001"/>
</testsuite>