<?xml version="1.0" encoding="UTF-8"?>
<testng-results ignored="0" total="7" passed="7" failed="0" skipped="0">
  <reporter-output>
  </reporter-output>
  <suite started-at="2020-03-02T13:08:28Z" name="Suite" finished-at="2020-03-02T13:08:29Z" duration-ms="1035">
    <groups>
    </groups>
    <test started-at="2020-03-02T13:08:28Z" name="Test" finished-at="2020-03-02T13:08:29Z" duration-ms="1035">
      <class name="com.qa.restapi.automation.testScripts.GetRequest_AllEmployees_TC001">
        <test-method is-config="true" signature="setup()[pri:0, instance:com.qa.restapi.automation.testScripts.GetRequest_AllEmployees_TC001@102cec62]" started-at="2020-03-02T13:08:28Z" name="setup" finished-at="2020-03-02T13:08:28Z" duration-ms="24" status="PASS">
          <reporter-output>
          </reporter-output>
        </test-method> <!-- setup -->
        <test-method is-config="true" signature="getAllEmployees()[pri:0, instance:com.qa.restapi.automation.testScripts.GetRequest_AllEmployees_TC001@102cec62]" started-at="2020-03-02T13:08:28Z" name="getAllEmployees" finished-at="2020-03-02T13:08:29Z" duration-ms="1007" status="PASS">
          <reporter-output>
          </reporter-output>
        </test-method> <!-- getAllEmployees -->
        <test-method signature="checkContentLength()[pri:0, instance:com.qa.restapi.automation.testScripts.GetRequest_AllEmployees_TC001@102cec62]" started-at="2020-03-02T13:08:29Z" name="checkContentLength" finished-at="2020-03-02T13:08:29Z" duration-ms="1" status="PASS">
          <reporter-output>
          </reporter-output>
        </test-method> <!-- checkContentLength -->
        <test-method signature="checkContentType()[pri:0, instance:com.qa.restapi.automation.testScripts.GetRequest_AllEmployees_TC001@102cec62]" started-at="2020-03-02T13:08:29Z" name="checkContentType" finished-at="2020-03-02T13:08:29Z" duration-ms="0" status="PASS">
          <reporter-output>
          </reporter-output>
        </test-method> <!-- checkContentType -->
        <test-method signature="checkCookies()[pri:0, instance:com.qa.restapi.automation.testScripts.GetRequest_AllEmployees_TC001@102cec62]" started-at="2020-03-02T13:08:29Z" name="checkCookies" finished-at="2020-03-02T13:08:29Z" duration-ms="1" status="PASS">
          <reporter-output>
          </reporter-output>
        </test-method> <!-- checkCookies -->
        <test-method signature="checkResponseBody()[pri:0, instance:com.qa.restapi.automation.testScripts.GetRequest_AllEmployees_TC001@102cec62]" started-at="2020-03-02T13:08:29Z" name="checkResponseBody" finished-at="2020-03-02T13:08:29Z" duration-ms="15" status="PASS">
          <reporter-output>
          </reporter-output>
        </test-method> <!-- checkResponseBody -->
        <test-method signature="checkSessionID()[pri:0, instance:com.qa.restapi.automation.testScripts.GetRequest_AllEmployees_TC001@102cec62]" started-at="2020-03-02T13:08:29Z" name="checkSessionID" finished-at="2020-03-02T13:08:29Z" duration-ms="0" status="PASS">
          <reporter-output>
          </reporter-output>
        </test-method> <!-- checkSessionID -->
        <test-method signature="checkStatusLine()[pri:0, instance:com.qa.restapi.automation.testScripts.GetRequest_AllEmployees_TC001@102cec62]" started-at="2020-03-02T13:08:29Z" name="checkStatusLine" finished-at="2020-03-02T13:08:29Z" duration-ms="0" status="PASS">
          <reporter-output>
          </reporter-output>
        </test-method> <!-- checkStatusLine -->
        <test-method is-config="true" signature="tearDown()[pri:0, instance:com.qa.restapi.automation.testScripts.GetRequest_AllEmployees_TC001@102cec62]" started-at="2020-03-02T13:08:29Z" name="tearDown" finished-at="2020-03-02T13:08:29Z" duration-ms="0" status="PASS">
          <reporter-output>
          </reporter-output>
        </test-method> <!-- tearDown -->
        <test-method signature="checkStatusCode()[pri:0, instance:com.qa.restapi.automation.testScripts.GetRequest_AllEmployees_TC001@102cec62]" started-at="2020-03-02T13:08:29Z" name="checkStatusCode" finished-at="2020-03-02T13:08:29Z" duration-ms="0" status="PASS">
          <reporter-output>
          </reporter-output>
        </test-method> <!-- checkStatusCode -->
      </class> <!-- com.qa.restapi.automation.testScripts.GetRequest_AllEmployees_TC001 -->
    </test> <!-- Test -->
  </suite> <!-- Suite -->
</testng-results>
