<?xml version="1.0" encoding="UTF-8"?>
<testng-results ignored="0" total="7" passed="7" failed="0" skipped="0">
  <reporter-output>
  </reporter-output>
  <suite started-at="2020-03-02T18:33:35 IST" name="Suite" finished-at="2020-03-02T18:33:37 IST" duration-ms="1607">
    <groups>
    </groups>
    <test started-at="2020-03-02T18:33:35 IST" name="Test" finished-at="2020-03-02T18:33:37 IST" duration-ms="1607">
      <class name="com.qa.restapi.automation.testScripts.GetRequest_AllEmployees_TC001">
        <test-method is-config="true" signature="setup()[pri:0, instance:com.qa.restapi.automation.testScripts.GetRequest_AllEmployees_TC001@5f683daf]" started-at="2020-03-02T18:33:35 IST" name="setup" finished-at="2020-03-02T18:33:35 IST" duration-ms="32" status="PASS">
          <reporter-output>
          </reporter-output>
        </test-method> <!-- setup -->
        <test-method is-config="true" signature="getAllEmployees()[pri:0, instance:com.qa.restapi.automation.testScripts.GetRequest_AllEmployees_TC001@5f683daf]" started-at="2020-03-02T18:33:35 IST" name="getAllEmployees" finished-at="2020-03-02T18:33:37 IST" duration-ms="1559" status="PASS">
          <reporter-output>
          </reporter-output>
        </test-method> <!-- getAllEmployees -->
        <test-method signature="checkContentLength()[pri:0, instance:com.qa.restapi.automation.testScripts.GetRequest_AllEmployees_TC001@5f683daf]" started-at="2020-03-02T18:33:37 IST" name="checkContentLength" finished-at="2020-03-02T18:33:37 IST" duration-ms="4" status="PASS">
          <reporter-output>
          </reporter-output>
        </test-method> <!-- checkContentLength -->
        <test-method signature="checkContentType()[pri:0, instance:com.qa.restapi.automation.testScripts.GetRequest_AllEmployees_TC001@5f683daf]" started-at="2020-03-02T18:33:37 IST" name="checkContentType" finished-at="2020-03-02T18:33:37 IST" duration-ms="1" status="PASS">
          <reporter-output>
          </reporter-output>
        </test-method> <!-- checkContentType -->
        <test-method signature="checkCookies()[pri:0, instance:com.qa.restapi.automation.testScripts.GetRequest_AllEmployees_TC001@5f683daf]" started-at="2020-03-02T18:33:37 IST" name="checkCookies" finished-at="2020-03-02T18:33:37 IST" duration-ms="2" status="PASS">
          <reporter-output>
          </reporter-output>
        </test-method> <!-- checkCookies -->
        <test-method signature="checkResponseBody()[pri:0, instance:com.qa.restapi.automation.testScripts.GetRequest_AllEmployees_TC001@5f683daf]" started-at="2020-03-02T18:33:37 IST" name="checkResponseBody" finished-at="2020-03-02T18:33:37 IST" duration-ms="15" status="PASS">
          <reporter-output>
          </reporter-output>
        </test-method> <!-- checkResponseBody -->
        <test-method signature="checkSessionID()[pri:0, instance:com.qa.restapi.automation.testScripts.GetRequest_AllEmployees_TC001@5f683daf]" started-at="2020-03-02T18:33:37 IST" name="checkSessionID" finished-at="2020-03-02T18:33:37 IST" duration-ms="2" status="PASS">
          <reporter-output>
          </reporter-output>
        </test-method> <!-- checkSessionID -->
        <test-method signature="checkStatusCode()[pri:0, instance:com.qa.restapi.automation.testScripts.GetRequest_AllEmployees_TC001@5f683daf]" started-at="2020-03-02T18:33:37 IST" name="checkStatusCode" finished-at="2020-03-02T18:33:37 IST" duration-ms="0" status="PASS">
          <reporter-output>
          </reporter-output>
        </test-method> <!-- checkStatusCode -->
        <test-method signature="checkStatusLine()[pri:0, instance:com.qa.restapi.automation.testScripts.GetRequest_AllEmployees_TC001@5f683daf]" started-at="2020-03-02T18:33:37 IST" name="checkStatusLine" finished-at="2020-03-02T18:33:37 IST" duration-ms="0" status="PASS">
          <reporter-output>
          </reporter-output>
        </test-method> <!-- checkStatusLine -->
        <test-method is-config="true" signature="tearDown()[pri:0, instance:com.qa.restapi.automation.testScripts.GetRequest_AllEmployees_TC001@5f683daf]" started-at="2020-03-02T18:33:37 IST" name="tearDown" finished-at="2020-03-02T18:33:37 IST" duration-ms="0" status="PASS">
          <reporter-output>
          </reporter-output>
        </test-method> <!-- tearDown -->
      </class> <!-- com.qa.restapi.automation.testScripts.GetRequest_AllEmployees_TC001 -->
    </test> <!-- Test -->
  </suite> <!-- Suite -->
</testng-results>
